This is pdfTeX, Version 3.14159265-2.6-1.40.18 (TeX Live 2017/W32TeX) (preloaded format=pdflatex 2017.7.7)  9 NOV 2018 17:08
entering extended mode
 restricted \write18 enabled.
 %&-line parsing enabled.
**./Report.tex
(./Report.tex
LaTeX2e <2017-04-15>
Babel <3.10> and hyphenation patterns for 84 language(s) loaded.
(c:/texlive/2017/texmf-dist/tex/latex/base/article.cls
Document Class: article 2014/09/29 v1.4h Standard LaTeX document class
(c:/texlive/2017/texmf-dist/tex/latex/base/size12.clo
File: size12.clo 2014/09/29 v1.4h Standard LaTeX file (size option)
)
\c@part=\count79
\c@section=\count80
\c@subsection=\count81
\c@subsubsection=\count82
\c@paragraph=\count83
\c@subparagraph=\count84
\c@figure=\count85
\c@table=\count86
\abovecaptionskip=\skip41
\belowcaptionskip=\skip42
\bibindent=\dimen102
)
(c:/texlive/2017/texmf-dist/tex/latex/amsmath/amsmath.sty
Package: amsmath 2016/11/05 v2.16a AMS math features
\@mathmargin=\skip43

For additional information on amsmath, use the `?' option.
(c:/texlive/2017/texmf-dist/tex/latex/amsmath/amstext.sty
Package: amstext 2000/06/29 v2.01 AMS text

(c:/texlive/2017/texmf-dist/tex/latex/amsmath/amsgen.sty
File: amsgen.sty 1999/11/30 v2.0 generic functions
\@emptytoks=\toks14
\ex@=\dimen103
))
(c:/texlive/2017/texmf-dist/tex/latex/amsmath/amsbsy.sty
Package: amsbsy 1999/11/29 v1.2d Bold Symbols
\pmbraise@=\dimen104
)
(c:/texlive/2017/texmf-dist/tex/latex/amsmath/amsopn.sty
Package: amsopn 2016/03/08 v2.02 operator names
)
\inf@bad=\count87
LaTeX Info: Redefining \frac on input line 213.
\uproot@=\count88
\leftroot@=\count89
LaTeX Info: Redefining \overline on input line 375.
\classnum@=\count90
\DOTSCASE@=\count91
LaTeX Info: Redefining \ldots on input line 472.
LaTeX Info: Redefining \dots on input line 475.
LaTeX Info: Redefining \cdots on input line 596.
\Mathstrutbox@=\box26
\strutbox@=\box27
\big@size=\dimen105
LaTeX Font Info:    Redeclaring font encoding OML on input line 712.
LaTeX Font Info:    Redeclaring font encoding OMS on input line 713.
\macc@depth=\count92
\c@MaxMatrixCols=\count93
\dotsspace@=\muskip10
\c@parentequation=\count94
\dspbrk@lvl=\count95
\tag@help=\toks15
\row@=\count96
\column@=\count97
\maxfields@=\count98
\andhelp@=\toks16
\eqnshift@=\dimen106
\alignsep@=\dimen107
\tagshift@=\dimen108
\tagwidth@=\dimen109
\totwidth@=\dimen110
\lineht@=\dimen111
\@envbody=\toks17
\multlinegap=\skip44
\multlinetaggap=\skip45
\mathdisplay@stack=\toks18
LaTeX Info: Redefining \[ on input line 2817.
LaTeX Info: Redefining \] on input line 2818.
)
(c:/texlive/2017/texmf-dist/tex/latex/amsfonts/amssymb.sty
Package: amssymb 2013/01/14 v3.01 AMS font symbols

(c:/texlive/2017/texmf-dist/tex/latex/amsfonts/amsfonts.sty
Package: amsfonts 2013/01/14 v3.01 Basic AMSFonts support
\symAMSa=\mathgroup4
\symAMSb=\mathgroup5
LaTeX Font Info:    Overwriting math alphabet `\mathfrak' in version `bold'
(Font)                  U/euf/m/n --> U/euf/b/n on input line 106.
))
(c:/texlive/2017/texmf-dist/tex/latex/geometry/geometry.sty
Package: geometry 2010/09/12 v5.6 Page Geometry

(c:/texlive/2017/texmf-dist/tex/latex/graphics/keyval.sty
Package: keyval 2014/10/28 v1.15 key=value parser (DPC)
\KV@toks@=\toks19
)
(c:/texlive/2017/texmf-dist/tex/generic/oberdiek/ifpdf.sty
Package: ifpdf 2017/03/15 v3.2 Provides the ifpdf switch
)
(c:/texlive/2017/texmf-dist/tex/generic/oberdiek/ifvtex.sty
Package: ifvtex 2016/05/16 v1.6 Detect VTeX and its facilities (HO)
Package ifvtex Info: VTeX not detected.
)
(c:/texlive/2017/texmf-dist/tex/generic/ifxetex/ifxetex.sty
Package: ifxetex 2010/09/12 v0.6 Provides ifxetex conditional
)
\Gm@cnth=\count99
\Gm@cntv=\count100
\c@Gm@tempcnt=\count101
\Gm@bindingoffset=\dimen112
\Gm@wd@mp=\dimen113
\Gm@odd@mp=\dimen114
\Gm@even@mp=\dimen115
\Gm@layoutwidth=\dimen116
\Gm@layoutheight=\dimen117
\Gm@layouthoffset=\dimen118
\Gm@layoutvoffset=\dimen119
\Gm@dimlist=\toks20
)
(c:/texlive/2017/texmf-dist/tex/latex/tools/enumerate.sty
Package: enumerate 2015/07/23 v3.00 enumerate extensions (DPC)
\@enLab=\toks21
)
(c:/texlive/2017/texmf-dist/tex/latex/natbib/natbib.sty
Package: natbib 2010/09/13 8.31b (PWD, AO)
\bibhang=\skip46
\bibsep=\skip47
LaTeX Info: Redefining \cite on input line 694.
\c@NAT@ctr=\count102
)
(c:/texlive/2017/texmf-dist/tex/latex/float/float.sty
Package: float 2001/11/08 v1.3d Float enhancements (AL)
\c@float@type=\count103
\float@exts=\toks22
\float@box=\box28
\@float@everytoks=\toks23
\@floatcapt=\box29
)
(c:/texlive/2017/texmf-dist/tex/latex/graphics/graphicx.sty
Package: graphicx 2014/10/28 v1.0g Enhanced LaTeX Graphics (DPC,SPQR)

(c:/texlive/2017/texmf-dist/tex/latex/graphics/graphics.sty
Package: graphics 2017/04/14 v1.1b Standard LaTeX Graphics (DPC,SPQR)

(c:/texlive/2017/texmf-dist/tex/latex/graphics/trig.sty
Package: trig 2016/01/03 v1.10 sin cos tan (DPC)
)
(c:/texlive/2017/texmf-dist/tex/latex/graphics-cfg/graphics.cfg
File: graphics.cfg 2016/06/04 v1.11 sample graphics configuration
)
Package graphics Info: Driver file: pdftex.def on input line 99.

(c:/texlive/2017/texmf-dist/tex/latex/graphics-def/pdftex.def
File: pdftex.def 2017/01/12 v0.06k Graphics/color for pdfTeX

(c:/texlive/2017/texmf-dist/tex/generic/oberdiek/infwarerr.sty
Package: infwarerr 2016/05/16 v1.4 Providing info/warning/error messages (HO)
)
(c:/texlive/2017/texmf-dist/tex/generic/oberdiek/ltxcmds.sty
Package: ltxcmds 2016/05/16 v1.23 LaTeX kernel commands for general use (HO)
)
\Gread@gobject=\count104
))
\Gin@req@height=\dimen120
\Gin@req@width=\dimen121
)
(c:/texlive/2017/texmf-dist/tex/generic/babel/babel.sty
Package: babel 2017/05/19 3.10 The Babel package

(c:/texlive/2017/texmf-dist/tex/generic/babel-english/english.ldf
Language: english 2017/01/24 v3.3q English support from the babel system

(c:/texlive/2017/texmf-dist/tex/generic/babel/babel.def
File: babel.def 2017/05/19 3.10 Babel common definitions
\babel@savecnt=\count105
\U@D=\dimen122
)
\l@canadian = a dialect from \language\l@american 
\l@australian = a dialect from \language\l@british 
\l@newzealand = a dialect from \language\l@british 
))
(c:/texlive/2017/texmf-dist/tex/latex/a4wide/a4wide.sty
Package: a4wide 1994/08/30

(c:/texlive/2017/texmf-dist/tex/latex/ntgclass/a4.sty
Package: a4 2004/04/15 v1.2g A4 based page layout
))
(c:/texlive/2017/texmf-dist/tex/latex/tools/indentfirst.sty
Package: indentfirst 1995/11/23 v1.03 Indent first paragraph (DPC)
)
(c:/texlive/2017/texmf-dist/tex/latex/multirow/multirow.sty
Package: multirow 2016/11/25 v2.2 Span multiple rows of a table
\multirow@colwidth=\skip48
\multirow@cntb=\count106
\multirow@dima=\skip49
\bigstrutjot=\dimen123
) (./Report.aux)
\openout1 = `Report.aux'.

LaTeX Font Info:    Checking defaults for OML/cmm/m/it on input line 19.
LaTeX Font Info:    ... okay on input line 19.
LaTeX Font Info:    Checking defaults for T1/cmr/m/n on input line 19.
LaTeX Font Info:    ... okay on input line 19.
LaTeX Font Info:    Checking defaults for OT1/cmr/m/n on input line 19.
LaTeX Font Info:    ... okay on input line 19.
LaTeX Font Info:    Checking defaults for OMS/cmsy/m/n on input line 19.
LaTeX Font Info:    ... okay on input line 19.
LaTeX Font Info:    Checking defaults for OMX/cmex/m/n on input line 19.
LaTeX Font Info:    ... okay on input line 19.
LaTeX Font Info:    Checking defaults for U/cmr/m/n on input line 19.
LaTeX Font Info:    ... okay on input line 19.

*geometry* driver: auto-detecting
*geometry* detected driver: pdftex
*geometry* verbose mode - [ preamble ] result:
* driver: pdftex
* paper: <default>
* layout: <same size as paper>
* layoutoffset:(h,v)=(0.0pt,0.0pt)
* modes: 
* h-part:(L,W,R)=(92.14519pt, 430.00462pt, 92.14519pt)
* v-part:(T,H,B)=(95.39737pt, 556.47656pt, 143.09605pt)
* \paperwidth=614.295pt
* \paperheight=794.96999pt
* \textwidth=460.72124pt
* \textheight=621.0pt
* \oddsidemargin=0.0pt
* \evensidemargin=0.0pt
* \topmargin=0.0pt
* \headheight=12.0pt
* \headsep=25.0pt
* \topskip=12.0pt
* \footskip=30.0pt
* \marginparwidth=54.2025pt
* \marginparsep=10.0pt
* \columnsep=10.0pt
* \skip\footins=10.8pt plus 4.0pt minus 2.0pt
* \hoffset=0.0pt
* \voffset=0.0pt
* \mag=1000
* \@twocolumnfalse
* \@twosidefalse
* \@mparswitchfalse
* \@reversemarginfalse
* (1in=72.27pt=25.4mm, 1cm=28.453pt)

(c:/texlive/2017/texmf-dist/tex/context/base/mkii/supp-pdf.mkii
[Loading MPS to PDF converter (version 2006.09.02).]
\scratchcounter=\count107
\scratchdimen=\dimen124
\scratchbox=\box30
\nofMPsegments=\count108
\nofMParguments=\count109
\everyMPshowfont=\toks24
\MPscratchCnt=\count110
\MPscratchDim=\dimen125
\MPnumerator=\count111
\makeMPintoPDFobject=\count112
\everyMPtoPDFconversion=\toks25
) (c:/texlive/2017/texmf-dist/tex/generic/oberdiek/pdftexcmds.sty
Package: pdftexcmds 2017/03/19 v0.25 Utility functions of pdfTeX for LuaTeX (HO
)

(c:/texlive/2017/texmf-dist/tex/generic/oberdiek/ifluatex.sty
Package: ifluatex 2016/05/16 v1.4 Provides the ifluatex switch (HO)
Package ifluatex Info: LuaTeX not detected.
)
Package pdftexcmds Info: LuaTeX not detected.
Package pdftexcmds Info: \pdf@primitive is available.
Package pdftexcmds Info: \pdf@ifprimitive is available.
Package pdftexcmds Info: \pdfdraftmode found.
)
(c:/texlive/2017/texmf-dist/tex/latex/oberdiek/epstopdf-base.sty
Package: epstopdf-base 2016/05/15 v2.6 Base part for package epstopdf

(c:/texlive/2017/texmf-dist/tex/latex/oberdiek/grfext.sty
Package: grfext 2016/05/16 v1.2 Manage graphics extensions (HO)

(c:/texlive/2017/texmf-dist/tex/generic/oberdiek/kvdefinekeys.sty
Package: kvdefinekeys 2016/05/16 v1.4 Define keys (HO)
))
(c:/texlive/2017/texmf-dist/tex/latex/oberdiek/kvoptions.sty
Package: kvoptions 2016/05/16 v3.12 Key value format for package options (HO)

(c:/texlive/2017/texmf-dist/tex/generic/oberdiek/kvsetkeys.sty
Package: kvsetkeys 2016/05/16 v1.17 Key value parser (HO)

(c:/texlive/2017/texmf-dist/tex/generic/oberdiek/etexcmds.sty
Package: etexcmds 2016/05/16 v1.6 Avoid name clashes with e-TeX commands (HO)
Package etexcmds Info: Could not find \expanded.
(etexcmds)             That can mean that you are not using pdfTeX 1.50 or
(etexcmds)             that some package has redefined \expanded.
(etexcmds)             In the latter case, load this package earlier.
)))
Package epstopdf-base Info: Redefining graphics rule for `.eps' on input line 4
38.
Package grfext Info: Graphics extension search list:
(grfext)             [.png,.pdf,.jpg,.mps,.jpeg,.jbig2,.jb2,.PNG,.PDF,.JPG,.JPE
G,.JBIG2,.JB2,.eps]
(grfext)             \AppendGraphicsExtensions on input line 456.

(c:/texlive/2017/texmf-dist/tex/latex/latexconfig/epstopdf-sys.cfg
File: epstopdf-sys.cfg 2010/07/13 v1.3 Configuration of (r)epstopdf for TeX Liv
e
))
LaTeX Font Info:    Try loading font information for U+msa on input line 20.

(c:/texlive/2017/texmf-dist/tex/latex/amsfonts/umsa.fd
File: umsa.fd 2013/01/14 v3.01 AMS symbols A
)
LaTeX Font Info:    Try loading font information for U+msb on input line 20.

(c:/texlive/2017/texmf-dist/tex/latex/amsfonts/umsb.fd
File: umsb.fd 2013/01/14 v3.01 AMS symbols B
) [1

{c:/texlive/2017/texmf-var/fonts/map/pdftex/updmap/pdftex.map}]
<P1.png, id=7, 1177.39874pt x 620.3175pt>
File: P1.png Graphic file (type png)
 <use P1.png>
Package pdftex.def Info: P1.png used on input line 27.
(pdftex.def)             Requested size: 235.47557pt x 124.0613pt.

<P3.png, id=8, 834.11626pt x 710.655pt>
File: P3.png Graphic file (type png)
 <use P3.png>
Package pdftex.def Info: P3.png used on input line 49.
(pdftex.def)             Requested size: 417.05711pt x 355.32663pt.
 [2 <./P1.png (PNG copy)>]
<P4.png, id=13, 961.5925pt x 904.37875pt>
File: P4.png Graphic file (type png)
 <use P4.png>
Package pdftex.def Info: P4.png used on input line 61.
(pdftex.def)             Requested size: 576.95995pt x 542.63144pt.

Overfull \hbox (116.23871pt too wide) in paragraph at lines 61--62
 [][] 
 []

<P5.png, id=14, 1211.52625pt x 902.37125pt>
File: P5.png Graphic file (type png)
 <use P5.png>
Package pdftex.def Info: P5.png used on input line 65.
(pdftex.def)             Requested size: 726.92137pt x 541.42693pt.

Overfull \hbox (266.20013pt too wide) in paragraph at lines 65--66
 [][] 
 []

[3 <./P3.png (PNG copy)>] <P6.png, id=18, 1524.69624pt x 592.2125pt>
File: P6.png Graphic file (type png)

<use P6.png>
Package pdftex.def Info: P6.png used on input line 69.
(pdftex.def)             Requested size: 914.82481pt x 355.33023pt.

Overfull \hbox (454.10358pt too wide) in paragraph at lines 69--70
 [][] 
 []

[4 <./P4.png (PNG copy)>] [5 <./P5.png (PNG copy)>]
<P7.png, id=25, 1003.75pt x 904.37875pt>
File: P7.png Graphic file (type png)
 <use P7.png>
Package pdftex.def Info: P7.png used on input line 74.
(pdftex.def)             Requested size: 602.25465pt x 542.63144pt.

Overfull \hbox (141.53342pt too wide) in paragraph at lines 74--75
 [][] 
 []

<P8.png, id=26, 910.40125pt x 857.2025pt>
File: P8.png Graphic file (type png)
 <use P8.png>
Package pdftex.def Info: P8.png used on input line 78.
(pdftex.def)             Requested size: 546.24496pt x 514.32547pt.

Overfull \hbox (85.52373pt too wide) in paragraph at lines 78--79
 [][] 
 []

[6 <./P6.png (PNG copy)>] <P9.png, id=30, 870.25125pt x 617.30624pt>
File: P9.png Graphic file (type png)

<use P9.png>
Package pdftex.def Info: P9.png used on input line 82.
(pdftex.def)             Requested size: 522.15479pt x 370.3866pt.

Overfull \hbox (61.43355pt too wide) in paragraph at lines 82--83
 [][] 
 []

[7 <./P7.png (PNG copy)>] [8 <./P8.png (PNG copy)>]
<P10.png, id=38, 935.495pt x 903.375pt>
File: P10.png Graphic file (type png)
 <use P10.png>
Package pdftex.def Info: P10.png used on input line 87.
(pdftex.def)             Requested size: 561.30133pt x 542.02919pt.

Overfull \hbox (100.5801pt too wide) in paragraph at lines 87--88
 [][] 
 []

<P11.png, id=39, 842.14626pt x 862.22125pt>
File: P11.png Graphic file (type png)
 <use P11.png>
Package pdftex.def Info: P11.png used on input line 91.
(pdftex.def)             Requested size: 505.29166pt x 517.33675pt.

Overfull \hbox (44.57042pt too wide) in paragraph at lines 91--92
 [][] 
 []

[9 <./P9.png (PNG copy)>] <P12.png, id=43, 741.77126pt x 487.8225pt>
File: P12.png Graphic file (type png)

<use P12.png>
Package pdftex.def Info: P12.png used on input line 95.
(pdftex.def)             Requested size: 445.0662pt x 292.69576pt.
 [10 <./P10.png (PNG copy)>] [11 <./P11.png (PNG copy)>]
<P13.png, id=50, 1001.7425pt x 903.375pt>
File: P13.png Graphic file (type png)
 <use P13.png>
Package pdftex.def Info: P13.png used on input line 100.
(pdftex.def)             Requested size: 601.05014pt x 542.02919pt.

Overfull \hbox (140.3289pt too wide) in paragraph at lines 100--101
 [][] 
 []

<P14.png, id=51, 891.33pt x 865.2325pt>
File: P14.png Graphic file (type png)
 <use P14.png>
Package pdftex.def Info: P14.png used on input line 104.
(pdftex.def)             Requested size: 534.80214pt x 519.14351pt.

Overfull \hbox (74.0809pt too wide) in paragraph at lines 104--105
 [][] 
 []

[12 <./P12.png (PNG copy)>] <P15.png, id=55, 931.48pt x 856.19875pt>
File: P15.png Graphic file (type png)

<use P15.png>
Package pdftex.def Info: P15.png used on input line 108.
(pdftex.def)             Requested size: 465.73886pt x 428.09833pt.

Overfull \hbox (5.01762pt too wide) in paragraph at lines 108--109
 [][] 
 []

[13 <./P13.png (PNG copy)>] <P16.png, id=60, 800.9925pt x 861.2175pt>
File: P16.png Graphic file (type png)

<use P16.png>
Package pdftex.def Info: P16.png used on input line 112.
(pdftex.def)             Requested size: 400.49527pt x 430.6077pt.
 [14 <./P14.png (PNG copy)>]
<P17.png, id=64, 717.68124pt x 403.5075pt>
File: P17.png Graphic file (type png)
 <use P17.png>
Package pdftex.def Info: P17.png used on input line 116.
(pdftex.def)             Requested size: 430.61206pt x 242.10637pt.
 [15 <./P15.png (PNG copy)>] [16 <./P16.png (PNG copy)>] [17 <./P17.png (PNG co
py)>] (./Report.aux) ) 
Here is how much of TeX's memory you used:
 3877 strings out of 492995
 51038 string characters out of 6136403
 127450 words of memory out of 5000000
 7340 multiletter control sequences out of 15000+600000
 11789 words of font info for 46 fonts, out of 8000000 for 9000
 1141 hyphenation exceptions out of 8191
 39i,8n,26p,399b,217s stack positions out of 5000i,500n,10000p,200000b,80000s
<c:/texlive/2017/texmf-dist/fonts/type1/public/amsfonts/c
m/cmbx12.pfb><c:/texlive/2017/texmf-dist/fonts/type1/public/amsfonts/cm/cmr12.p
fb>
Output written on Report.pdf (17 pages, 1369692 bytes).
PDF statistics:
 83 PDF objects out of 1000 (max. 8388607)
 45 compressed objects within 1 object stream
 0 named destinations out of 1000 (max. 500000)
 81 words of extra memory for PDF output out of 10000 (max. 10000000)

